------------------------------------------------------------------------------
                           GCC Code Coverage Report
Directory: .
------------------------------------------------------------------------------
File                                       Lines    Exec  Cover   Missing
------------------------------------------------------------------------------
src/SHealth.cpp                              118     117    99%   136
src/SHealth.h                                  3       3   100%   
src/main.cpp                                   4       0     0%   9,11-12,14
------------------------------------------------------------------------------
TOTAL                                        125     120    96%
------------------------------------------------------------------------------
